07:10:30 **** Incremental Build of configuration pruebacpu Configuration for project pruebacpu ****
make all 
make[1]: Entering directory `/home/maxeler/workspace/pruebacpu'

Simulated system 'maxelerpruebacpuSim' started:
    Board:                   MAX5C (default: 48GB RAM)
    RAM size for simulation: 51539607552 bytes.
    Temporary RAM file in    /tmp/. (Use option -k to preserve it.)
    Simulation log:          /home/maxeler/.maxcompilersim/maxelerpruebacpuSim-MaxCompilerVMTemplate.log
    Daemon log:              /home/maxeler/.maxcompilersim/maxelerpruebacpuSim-MaxCompilerVMTemplate_daemon.log

Simulated devices available:
    maxelerpruebacpuSim0:maxelerpruebacpuSim

To use simulated devices you need to set the environment variables
LD_PRELOAD and MAXELEROSDIR. As LD_PRELOAD must not contain spaces,
you might need to set LD_LIBRARY_PATH in addition (see the MaxCompiler
tutorial for details).  Also, ensure that you add the correct simulated
system name (namely "maxelerpruebacpuSim") to your SLiC configuration. The following
examples assume there are no spaces in LD_PRELOAD or SLIC_CONF.
Example for BASH:
    export MAXELEROSDIR=$MAXCOMPILERDIR/lib/maxeleros-sim
    export LD_PRELOAD=$MAXELEROSDIR/lib/libmaxeleros.so:$LD_PRELOAD
    export SLIC_CONF="$SLIC_CONF;use_simulation=maxelerpruebacpuSim"
Example for CSH:
    setenv MAXELEROSDIR $MAXCOMPILERDIR/lib/maxeleros-sim
    setenv LD_PRELOAD $MAXELEROSDIR/lib/libmaxeleros.so:$LD_PRELOAD
    setenv SLIC_CONF "$SLIC_CONF;use_simulation=maxelerpruebacpuSim"

"/opt/maxeler/maxcompiler/bin/sliccompile" "../pruebamax/builds/pruebamax/pruebamax_MAX5C_DFE_SIM/results/pruebamax.max" obj/max/pruebamax.o
Processing maxfile for MAX5_LIMA_SIM from '../pruebamax/builds/pruebamax/pruebamax_MAX5C_DFE_SIM/results/pruebamax.max'.
/opt/maxeler/maxcompiler/lib/clang/bin/start.sh clang -fgnu89-inline -pipe -O0 -std=gnu99 -Wall -Werror -frandom-seed=foo -Wno-unused-variable -Wno-unused-function -fPIC -I /opt/maxeler/maxcompiler/include/slic -DMAXFILE_INC="/dev/null" -DSLIC_NO_DESTRUCTORS -c /tmp/sliccompile_1496324467784971965/cobject/max_490819385504429413.c -o /tmp/sliccompile_1496324467784971965/cobject/max_490819385504429413.c.o 
/opt/maxeler/maxcompiler/lib/clang/bin/start.sh clang -fgnu89-inline -pipe -O0 -std=gnu99 -Wall -Werror -frandom-seed=foo -Wno-unused-variable -Wno-unused-function -fPIC -I /opt/maxeler/maxcompiler/include/slic -DMAXFILE_INC="/home/maxeler/workspace/pruebacpu/../pruebamax/builds/pruebamax/pruebamax_MAX5C_DFE_SIM/results/pruebamax.max" -DSLIC_NO_DESTRUCTORS -c /opt/maxeler/maxcompiler/src/slicinterface/MaxFileInit.c -o max_902644119061090093.o 
ld -r /tmp/sliccompile_1496324467784971965/cobject/max_490819385504429413.c.o max_902644119061090093.o -o pruebamax.o 
Copying .max file C object into '/home/maxeler/workspace/pruebacpu/obj/max'
gcc -o bin/pruebacpu  obj/src/pruebacpu.o  obj/max/pruebamax.o -fPIC -std=gnu99 -Wall -Wextra -Iinc/max -I. -I/opt/maxeler/maxcompiler/lib/maxeleros-sim/include -I/opt/maxeler/maxcompiler/include/slic  -I/usr/include/c++/4.8.5 -I/usr/include/c++/4.8.5/x86_64-redhat-linux -I/usr/include/c++/4.8.5/backward -I/usr/lib/gcc/x86_64-redhat-linux/4.8.5/include -I/usr/local/include -I/usr/include -Iinc -I/opt/maxeler/maxcompiler/include/slic   -L/opt/maxeler/maxcompiler/lib -L/opt/maxeler/maxcompiler/lib/maxeleros-sim/lib -lslic -lmaxeleros -lm -lpthread -lcurl
dataOut[0] = 0
dataOut[1] = 0
dataOut[2] = 0
dataOut[3] = 0
dataOut[4] = 0
dataOut[5] = 0
dataOut[6] = 0
dataOut[7] = 0
Test passed!
Terminating MaxelerOS daemon (PID 7877)...
MaxelerOS daemon killed
Terminating simulated system (PID 7874)...
Simulated system killed
make[1]: Leaving directory `/home/maxeler/workspace/pruebacpu'

07:10:44 Build Finished (took 14s.804ms)

